2024-09-04T12:44:34.116232Z  INFO burn_fusion::stream::store::base: New execution plan 1 - Operations: 1 - Triggers 1    
2024-09-04T12:44:34.123319Z  INFO burn_fusion::stream::store::base: New execution plan 2 - Operations: 1 - Triggers 1    
2024-09-04T12:44:34.124116Z  INFO burn_fusion::stream::store::base: New execution plan 3 - Operations: 1 - Triggers 1    
2024-09-04T12:44:34.124657Z  INFO burn_fusion::stream::store::base: New execution plan 4 - Operations: 1 - Triggers 1    
2024-09-04T12:44:34.125255Z  INFO burn_fusion::stream::store::base: New execution plan 5 - Operations: 1 - Triggers 1    
2024-09-04T12:44:34.125743Z  INFO burn_fusion::stream::store::base: New execution plan 6 - Operations: 1 - Triggers 1    
2024-09-04T12:44:34.127068Z  INFO burn_fusion::stream::store::base: New execution plan 7 - Operations: 1 - Triggers 1    
2024-09-04T12:44:34.127652Z  INFO burn_fusion::stream::store::base: New execution plan 8 - Operations: 1 - Triggers 1    
2024-09-04T12:44:34.129709Z  INFO burn_fusion::stream::store::base: New execution plan 9 - Operations: 1 - Triggers 1    
2024-09-04T12:44:34.130243Z  INFO burn_fusion::stream::store::base: New execution plan 10 - Operations: 1 - Triggers 1    
2024-09-04T12:44:34.130873Z  INFO burn_fusion::stream::store::base: New execution plan 11 - Operations: 1 - Triggers 1    
2024-09-04T12:44:34.131380Z  INFO burn_fusion::stream::store::base: New execution plan 12 - Operations: 1 - Triggers 1    
2024-09-04T12:44:34.132885Z  INFO burn_fusion::stream::store::base: New execution plan 13 - Operations: 1 - Triggers 1    
2024-09-04T12:44:34.133431Z  INFO burn_fusion::stream::store::base: New execution plan 14 - Operations: 1 - Triggers 1    
2024-09-04T12:44:34.133905Z  INFO burn_train::learner::train_val: Fitting the model:
 SimpleUNet {
  down1: SimpleConv {
    conv: Conv2d {stride: [1, 1], kernel_size: [3, 3], dilation: [1, 1], groups: 1, padding: Explicit(1, 1), params: 160}
    bn: BatchNorm {num_features: 16, momentum: 0.1, epsilon: 0.00001, params: 64}
    relu: Relu
    params: 224
  }
  down2: SimpleConv {
    conv: Conv2d {stride: [1, 1], kernel_size: [3, 3], dilation: [1, 1], groups: 1, padding: Explicit(1, 1), params: 4640}
    bn: BatchNorm {num_features: 32, momentum: 0.1, epsilon: 0.00001, params: 128}
    relu: Relu
    params: 4768
  }
  bottleneck: SimpleConv {
    conv: Conv2d {stride: [1, 1], kernel_size: [3, 3], dilation: [1, 1], groups: 1, padding: Explicit(1, 1), params: 18496}
    bn: BatchNorm {num_features: 64, momentum: 0.1, epsilon: 0.00001, params: 256}
    relu: Relu
    params: 18752
  }
  up1: ConvTranspose2d {channels: [64, 32], stride: [2, 2], kernel_size: [2, 2], dilation: [1, 1], groups: 1, padding: [0, 0], padding_out: [0, 0], params: 8224}
  upconv1: SimpleConv {
    conv: Conv2d {stride: [1, 1], kernel_size: [3, 3], dilation: [1, 1], groups: 1, padding: Explicit(1, 1), params: 18464}
    bn: BatchNorm {num_features: 32, momentum: 0.1, epsilon: 0.00001, params: 128}
    relu: Relu
    params: 18592
  }
  up2: ConvTranspose2d {channels: [32, 16], stride: [2, 2], kernel_size: [2, 2], dilation: [1, 1], groups: 1, padding: [0, 0], padding_out: [0, 0], params: 2064}
  upconv2: SimpleConv {
    conv: Conv2d {stride: [1, 1], kernel_size: [3, 3], dilation: [1, 1], groups: 1, padding: Explicit(1, 1), params: 4624}
    bn: BatchNorm {num_features: 16, momentum: 0.1, epsilon: 0.00001, params: 64}
    relu: Relu
    params: 4688
  }
  final_conv: Conv2d {stride: [1, 1], kernel_size: [1, 1], dilation: [1, 1], groups: 1, padding: Valid, params: 17}
  max_pool: MaxPool2d {kernel_size: [2, 2], stride: [2, 2], padding: Valid, dilation: [1, 1]}
  params: 57329
}    
2024-09-04T12:44:34.134336Z  INFO burn_train::learner::epoch: Executing training step for epoch 1    
2024-09-04T12:44:34.136552Z  INFO burn_fusion::stream::store::base: New execution plan 15 - Operations: 1 - Triggers 1    
2024-09-04T12:44:34.137887Z  INFO burn_fusion::stream::store::base: New execution plan 16 - Operations: 1 - Triggers 1    
2024-09-04T12:44:34.146978Z  INFO burn_train::learner::epoch: Iteration 1    
2024-09-04T12:44:34.147132Z  INFO burn_fusion::stream::store::base: New execution plan 17 - Operations: 1 - Triggers 1    
2024-09-04T12:44:34.195099Z  INFO burn_fusion::stream::store::base: New execution plan 18 - Operations: 1 - Triggers 1    
2024-09-04T12:44:34.195222Z  INFO burn_fusion::stream::store::base: New execution plan 19 - Operations: 1 - Triggers 1    
2024-09-04T12:44:34.201468Z  INFO burn_fusion::stream::store::base: New execution plan 20 - Operations: 1 - Triggers 1    
2024-09-04T12:44:34.210399Z  INFO burn_fusion::stream::store::base: New execution plan 21 - Operations: 1 - Triggers 1    
2024-09-04T12:44:34.210811Z  INFO burn_fusion::stream::store::base: New execution plan 22 - Operations: 2 - Triggers 1    
2024-09-04T12:44:34.212208Z  INFO burn_jit::fusion::kernel: Compiling ... KernelId { type_id: TypeId { t: (14380776772365324298, 5826838639466387389) }, info: Some(Info { value: (KernelSettings { mappings: [], vectorization_global: None, vectorization_partial: [], cube_dim: CubeDim { x: 16, y: 16, z: 1 }, reading_strategy: [(0, Plain)] }, "o25kjesjd8") }), mode: None }    
2024-09-04T12:44:34.217178Z  INFO burn_fusion::stream::store::base: New execution plan 23 - Operations: 1 - Triggers 1    
2024-09-04T12:44:34.219840Z  INFO burn_fusion::stream::store::base: New execution plan 24 - Operations: 1 - Triggers 1    
2024-09-04T12:44:34.220190Z  INFO burn_jit::fusion::kernel: Compiling ... KernelId { type_id: TypeId { t: (14380776772365324298, 5826838639466387389) }, info: Some(Info { value: (KernelSettings { mappings: [], vectorization_global: Some(4), vectorization_partial: [], cube_dim: CubeDim { x: 16, y: 16, z: 1 }, reading_strategy: [(0, Plain)] }, "ok7kf57q68") }), mode: None }    
2024-09-04T12:44:34.223197Z  INFO burn_fusion::stream::store::base: New execution plan 25 - Operations: 1 - Triggers 1    
2024-09-04T12:44:34.224636Z  INFO burn_jit::fusion::kernel: Compiling ... KernelId { type_id: TypeId { t: (14380776772365324298, 5826838639466387389) }, info: Some(Info { value: (KernelSettings { mappings: [], vectorization_global: None, vectorization_partial: [], cube_dim: CubeDim { x: 16, y: 16, z: 1 }, reading_strategy: [(0, Plain)] }, "a70qc2ngdc") }), mode: None }    
2024-09-04T12:44:34.226737Z  INFO burn_fusion::stream::store::base: New execution plan 26 - Operations: 1 - Triggers 1    
2024-09-04T12:44:34.227008Z  INFO burn_fusion::stream::store::base: New execution plan 27 - Operations: 2 - Triggers 1    
2024-09-04T12:44:34.227974Z  INFO burn_jit::fusion::kernel: Compiling ... KernelId { type_id: TypeId { t: (14380776772365324298, 5826838639466387389) }, info: Some(Info { value: (KernelSettings { mappings: [InplaceMapping { pos_input: 0, pos_output: 0 }, InplaceMapping { pos_input: 1, pos_output: 1 }], vectorization_global: Some(4), vectorization_partial: [], cube_dim: CubeDim { x: 16, y: 16, z: 1 }, reading_strategy: [(0, Plain), (1, Plain), (2, Plain)] }, "ch49hgeatc") }), mode: None }    
2024-09-04T12:44:34.233369Z  INFO burn_jit::fusion::kernel: Compiling ... KernelId { type_id: TypeId { t: (14380776772365324298, 5826838639466387389) }, info: Some(Info { value: (KernelSettings { mappings: [], vectorization_global: None, vectorization_partial: [], cube_dim: CubeDim { x: 16, y: 16, z: 1 }, reading_strategy: [(0, Plain)] }, "t9p3m7ogag") }), mode: None }    
2024-09-04T12:44:34.236206Z  INFO burn_fusion::stream::store::base: New execution plan 28 - Operations: 1 - Triggers 1    
2024-09-04T12:44:34.236340Z  INFO burn_jit::fusion::kernel: Compiling ... KernelId { type_id: TypeId { t: (14380776772365324298, 5826838639466387389) }, info: Some(Info { value: (KernelSettings { mappings: [InplaceMapping { pos_input: 0, pos_output: 0 }], vectorization_global: Some(4), vectorization_partial: [], cube_dim: CubeDim { x: 16, y: 16, z: 1 }, reading_strategy: [(0, Plain), (1, Plain)] }, "7odr8h6rvs") }), mode: None }    
2024-09-04T12:44:34.238863Z  INFO burn_fusion::stream::store::base: New execution plan 29 - Operations: 1 - Triggers 1    
2024-09-04T12:44:34.239339Z  INFO burn_jit::fusion::kernel: Compiling ... KernelId { type_id: TypeId { t: (14380776772365324298, 5826838639466387389) }, info: Some(Info { value: (KernelSettings { mappings: [InplaceMapping { pos_input: 0, pos_output: 0 }], vectorization_global: None, vectorization_partial: [], cube_dim: CubeDim { x: 16, y: 16, z: 1 }, reading_strategy: [(0, Plain)] }, "9j2mcejnt8") }), mode: None }    
2024-09-04T12:44:34.241588Z  INFO burn_fusion::stream::store::base: New execution plan 30 - Operations: 1 - Triggers 1    
2024-09-04T12:44:34.245667Z  INFO burn_fusion::stream::store::base: New execution plan 31 - Operations: 2 - Triggers 1    
2024-09-04T12:44:34.245987Z  INFO burn_jit::fusion::kernel: Compiling ... KernelId { type_id: TypeId { t: (14380776772365324298, 5826838639466387389) }, info: Some(Info { value: (KernelSettings { mappings: [InplaceMapping { pos_input: 0, pos_output: 0 }], vectorization_global: None, vectorization_partial: [], cube_dim: CubeDim { x: 16, y: 16, z: 1 }, reading_strategy: [(0, Plain)] }, "mlm3gqnnf4") }), mode: None }    
2024-09-04T12:44:34.250851Z  INFO burn_fusion::stream::store::base: New execution plan 32 - Operations: 1 - Triggers 1    
2024-09-04T12:44:34.251379Z  INFO burn_fusion::stream::store::base: New execution plan 33 - Operations: 1 - Triggers 1    
2024-09-04T12:44:34.251701Z  INFO burn_jit::fusion::kernel: Compiling ... KernelId { type_id: TypeId { t: (14380776772365324298, 5826838639466387389) }, info: Some(Info { value: (KernelSettings { mappings: [], vectorization_global: None, vectorization_partial: [], cube_dim: CubeDim { x: 16, y: 16, z: 1 }, reading_strategy: [(0, Plain)] }, "hr9ksqfhio") }), mode: None }    
2024-09-04T12:44:34.255798Z  INFO burn_fusion::stream::store::base: New execution plan 34 - Operations: 3 - Triggers 1    
2024-09-04T12:44:34.256179Z  INFO burn_jit::fusion::kernel: Compiling ... KernelId { type_id: TypeId { t: (14380776772365324298, 5826838639466387389) }, info: Some(Info { value: (KernelSettings { mappings: [], vectorization_global: None, vectorization_partial: [], cube_dim: CubeDim { x: 16, y: 16, z: 1 }, reading_strategy: [(0, Plain)] }, "q5f990odlc") }), mode: None }    
2024-09-04T12:44:34.260977Z  INFO burn_fusion::stream::store::base: New execution plan 35 - Operations: 1 - Triggers 1    
2024-09-04T12:44:34.279422Z  INFO burn_fusion::stream::store::base: New execution plan 36 - Operations: 1 - Triggers 1    
2024-09-04T12:44:34.314352Z  INFO burn_fusion::stream::store::base: New execution plan 37 - Operations: 1 - Triggers 1    
2024-09-04T12:44:34.333946Z  INFO burn_fusion::stream::store::base: New execution plan 38 - Operations: 1 - Triggers 1    
2024-09-04T12:44:34.335878Z  INFO burn_jit::fusion::kernel: Compiling ... KernelId { type_id: TypeId { t: (14380776772365324298, 5826838639466387389) }, info: Some(Info { value: (KernelSettings { mappings: [], vectorization_global: None, vectorization_partial: [], cube_dim: CubeDim { x: 16, y: 16, z: 1 }, reading_strategy: [(0, Plain)] }, "gq3rpja18o") }), mode: None }    
2024-09-04T12:44:34.342471Z  INFO burn_jit::fusion::kernel: Compiling ... KernelId { type_id: TypeId { t: (14380776772365324298, 5826838639466387389) }, info: Some(Info { value: (KernelSettings { mappings: [], vectorization_global: Some(4), vectorization_partial: [], cube_dim: CubeDim { x: 16, y: 16, z: 1 }, reading_strategy: [(0, Plain)] }, "vrehs3g12g") }), mode: None }    
2024-09-04T12:44:34.346814Z  INFO burn_jit::fusion::kernel: Compiling ... KernelId { type_id: TypeId { t: (14380776772365324298, 5826838639466387389) }, info: Some(Info { value: (KernelSettings { mappings: [], vectorization_global: None, vectorization_partial: [], cube_dim: CubeDim { x: 16, y: 16, z: 1 }, reading_strategy: [(0, Plain)] }, "p57haqfbco") }), mode: None }    
2024-09-04T12:44:34.350743Z  INFO burn_jit::fusion::kernel: Compiling ... KernelId { type_id: TypeId { t: (14380776772365324298, 5826838639466387389) }, info: Some(Info { value: (KernelSettings { mappings: [InplaceMapping { pos_input: 0, pos_output: 0 }], vectorization_global: None, vectorization_partial: [], cube_dim: CubeDim { x: 16, y: 16, z: 1 }, reading_strategy: [(0, Plain)] }, "m1v1ddm15k") }), mode: None }    
2024-09-04T12:44:34.364060Z  INFO burn_fusion::stream::store::base: New execution plan 39 - Operations: 1 - Triggers 1    
2024-09-04T12:44:34.376302Z  INFO burn_fusion::stream::store::base: New execution plan 40 - Operations: 1 - Triggers 1    
2024-09-04T12:44:34.377073Z  INFO burn_fusion::stream::store::base: New execution plan 41 - Operations: 2 - Triggers 1    
2024-09-04T12:44:34.377446Z  INFO burn_jit::fusion::kernel: Compiling ... KernelId { type_id: TypeId { t: (14380776772365324298, 5826838639466387389) }, info: Some(Info { value: (KernelSettings { mappings: [], vectorization_global: Some(4), vectorization_partial: [], cube_dim: CubeDim { x: 16, y: 16, z: 1 }, reading_strategy: [(0, Plain), (1, Plain)] }, "4fkbkolqvs") }), mode: None }    
2024-09-04T12:44:34.381305Z  INFO burn_fusion::stream::store::base: New execution plan 42 - Operations: 1 - Triggers 1    
2024-09-04T12:44:34.391144Z  INFO burn_fusion::stream::store::base: New execution plan 43 - Operations: 1 - Triggers 1    
2024-09-04T12:44:34.391384Z  INFO burn_jit::fusion::kernel: Compiling ... KernelId { type_id: TypeId { t: (14380776772365324298, 5826838639466387389) }, info: Some(Info { value: (KernelSettings { mappings: [], vectorization_global: None, vectorization_partial: [], cube_dim: CubeDim { x: 16, y: 16, z: 1 }, reading_strategy: [] }, "u4brm2rcm0") }), mode: None }    
2024-09-04T12:44:34.393434Z  INFO burn_fusion::stream::store::base: New execution plan 44 - Operations: 2 - Triggers 1    
2024-09-04T12:44:34.393596Z  INFO burn_jit::fusion::kernel: Compiling ... KernelId { type_id: TypeId { t: (14380776772365324298, 5826838639466387389) }, info: Some(Info { value: (KernelSettings { mappings: [], vectorization_global: Some(4), vectorization_partial: [], cube_dim: CubeDim { x: 16, y: 16, z: 1 }, reading_strategy: [] }, "c37cgijmno") }), mode: None }    
2024-09-04T12:44:34.395733Z  INFO burn_fusion::stream::store::base: New execution plan 45 - Operations: 1 - Triggers 1    
2024-09-04T12:44:34.395973Z  INFO burn_fusion::stream::store::base: New execution plan 46 - Operations: 4 - Triggers 1    
2024-09-04T12:44:34.396320Z  INFO burn_jit::fusion::kernel: Compiling ... KernelId { type_id: TypeId { t: (14380776772365324298, 5826838639466387389) }, info: Some(Info { value: (KernelSettings { mappings: [], vectorization_global: None, vectorization_partial: [], cube_dim: CubeDim { x: 16, y: 16, z: 1 }, reading_strategy: [(0, Plain), (2, Plain)] }, "bel4ab0amk") }), mode: None }    
2024-09-04T12:44:34.401446Z  INFO burn_fusion::stream::store::base: New execution plan 47 - Operations: 1 - Triggers 1    
2024-09-04T12:44:34.401597Z  INFO burn_fusion::stream::store::base: New execution plan 48 - Operations: 1 - Triggers 1    
2024-09-04T12:44:34.403783Z  INFO burn_fusion::stream::store::base: New execution plan 49 - Operations: 1 - Triggers 1    
2024-09-04T12:44:34.403843Z  INFO burn_fusion::stream::store::base: New execution plan 50 - Operations: 1 - Triggers 1    
